RightWord: fibre
Guess: hello
Guess: slave
Guess: ghost
Guess: books
Guess: grave
Guess: robin
Attempt: 6
Win: 0
RightWord: trade
Guess: hello
Guess: guess
Guess: ghost
Guess: slave
Guess: peter
Guess: books
Attempt: 6
Win: 0
RightWord: cedar
Guess: hello
RightWord: salad
Guess: patch
Guess: batch
Guess: saves
Guess: sends
Guess: slave
Guess: brave
Attempt: 6
Win: 0
RightWord: casio
Guess: hello
RightWord: skill
Guess: slave
Guess: saves
Guess: stays
Guess: robin
Guess: inter
Guess: brave
Attempt: 6
Win: 0
RightWord: whore
Guess: saves
Guess: saves
Guess: brave
RightWord: qatar
RightWord: entry
Guess: slave
RightWord: gotta
RightWord: donna
Guess: slave
RightWord: tones
Guess: slave
Guess: saves
Guess: slave
Guess: brave
RightWord: julie
Guess: slave
Guess: saves
Guess: slave
RightWord: claim
Guess: slave
Guess: slave
RightWord: races
Guess: slave
Guess: slave
